[debug] [2024-07-12T21:48:57.138Z] ----------------------------------------------------------------------
[debug] [2024-07-12T21:48:57.142Z] Command:       C:\Program Files\nodejs\node.exe C:\Users\Prashandip\AppData\Roaming\npm\node_modules\firebase-tools\lib\bin\firebase.js init
[debug] [2024-07-12T21:48:57.143Z] CLI Version:   13.13.0
[debug] [2024-07-12T21:48:57.143Z] Platform:      win32
[debug] [2024-07-12T21:48:57.143Z] Node Version:  v20.10.0
[debug] [2024-07-12T21:48:57.143Z] Time:          Sat Jul 13 2024 03:33:57 GMT+0545 (Nepal Time)
[debug] [2024-07-12T21:48:57.144Z] ----------------------------------------------------------------------
[debug] 
[debug] [2024-07-12T21:48:57.159Z] > command requires scopes: ["email","openid","https://www.googleapis.com/auth/cloudplatformprojects.readonly","https://www.googleapis.com/auth/firebase","https://www.googleapis.com/auth/cloud-platform"]
[debug] [2024-07-12T21:48:57.160Z] > authorizing via signed-in user (prashandip2@gmail.com)
[info] 
     ######## #### ########  ######## ########     ###     ######  ########
     ##        ##  ##     ## ##       ##     ##  ##   ##  ##       ##
     ######    ##  ########  ######   ########  #########  ######  ######
     ##        ##  ##    ##  ##       ##     ## ##     ##       ## ##
     ##       #### ##     ## ######## ########  ##     ##  ######  ########

You're about to initialize a Firebase project in this directory:

  C:\Users\Prashandip\Desktop\_root\_react_projects\tutorials\firebase-react-pedrotech

[info] 
=== Project Setup
[info] 
[info] First, let's associate this project directory with a Firebase project.
[info] You can create multiple project aliases by running firebase use --add, 
[info] but for now we'll just set up a default project.
[info] 
[debug] [2024-07-12T21:50:22.315Z] >>> [apiv2][query] GET https://firebase.googleapis.com/v1beta1/projects pageSize=100
[debug] [2024-07-12T21:50:23.336Z] <<< [apiv2][status] GET https://firebase.googleapis.com/v1beta1/projects 200
[debug] [2024-07-12T21:50:23.337Z] <<< [apiv2][body] GET https://firebase.googleapis.com/v1beta1/projects [omitted]
[info] i  Using project fir-react-pedrotech-1a56a (firebase-react-pedrotech) 
[info] 
=== Hosting Setup
[debug] [2024-07-12T21:51:00.881Z] >>> [apiv2][query] GET https://firebase.googleapis.com/v1beta1/projects/fir-react-pedrotech-1a56a [none]
[debug] [2024-07-12T21:51:01.612Z] <<< [apiv2][status] GET https://firebase.googleapis.com/v1beta1/projects/fir-react-pedrotech-1a56a 200
[debug] [2024-07-12T21:51:01.612Z] <<< [apiv2][body] GET https://firebase.googleapis.com/v1beta1/projects/fir-react-pedrotech-1a56a {"projectId":"fir-react-pedrotech-1a56a","projectNumber":"1017121328613","displayName":"firebase-react-pedrotech","name":"projects/fir-react-pedrotech-1a56a","resources":{"hostingSite":"fir-react-pedrotech-1a56a","storageBucket":"fir-react-pedrotech-1a56a.appspot.com","locationId":"asia-south1"},"state":"ACTIVE","etag":"1_54934ce1-08f1-47ab-9101-b7d22684cd06"}
[info] 
[info] Your public directory is the folder (relative to your project directory) that
[info] will contain Hosting assets to be uploaded with firebase deploy. If you
[info] have a build process for your assets, use your build's output directory.
[info] 
[info] +  Wrote public/404.html 
[debug] [2024-07-12T21:51:54.472Z] >>> [apiv2][query] GET https://www.gstatic.com/firebasejs/releases.json [none]
[debug] [2024-07-12T21:51:54.638Z] <<< [apiv2][status] GET https://www.gstatic.com/firebasejs/releases.json 200
[debug] [2024-07-12T21:51:54.639Z] <<< [apiv2][body] GET https://www.gstatic.com/firebasejs/releases.json {"current":{"version":"10.12.3","browserURL":"https://www.gstatic.com/firebasejs/10.12.3/firebase.js","packageURL":"https://www.gstatic.com/firebasejs/10.12.3/firebase.tgz"},"live":{"version":"10.12","browserURL":"https://www.gstatic.com/firebasejs/live/10.12/firebase.js","packageURL":"https://www.gstatic.com/firebasejs/live/10.12/firebase.tgz"},"components":{"analytics":"https://www.gstatic.com/firebasejs/10.12.3/firebase-analytics.js","app":"https://www.gstatic.com/firebasejs/10.12.3/firebase-app.js","app-check":"https://www.gstatic.com/firebasejs/10.12.3/firebase-app-check.js","auth":"https://www.gstatic.com/firebasejs/10.12.3/firebase-auth.js","auth/cordova":"https://www.gstatic.com/firebasejs/10.12.3/firebase-auth/cordova.js","auth/web-extension":"https://www.gstatic.com/firebasejs/10.12.3/firebase-auth/web-extension.js","functions":"https://www.gstatic.com/firebasejs/10.12.3/firebase-functions.js","firestore":"https://www.gstatic.com/firebasejs/10.12.3/firebase-firestore.js","firestore/lite":"https://www.gstatic.com/firebasejs/10.12.3/firebase-firestore/lite.js","installations":"https://www.gstatic.com/firebasejs/10.12.3/firebase-installations.js","storage":"https://www.gstatic.com/firebasejs/10.12.3/firebase-storage.js","performance":"https://www.gstatic.com/firebasejs/10.12.3/firebase-performance.js","remote-config":"https://www.gstatic.com/firebasejs/10.12.3/firebase-remote-config.js","messaging":"https://www.gstatic.com/firebasejs/10.12.3/firebase-messaging.js","messaging/sw":"https://www.gstatic.com/firebasejs/10.12.3/firebase-messaging/sw.js","database":"https://www.gstatic.com/firebasejs/10.12.3/firebase-database.js","vertexai-preview":"https://www.gstatic.com/firebasejs/10.12.3/firebase-vertexai-preview.js","firestore.memory":"https://www.gstatic.com/firebasejs/10.12.3/firebase-firestore.memory.js"}}
[info] i  Skipping write of public/index.html 
[info] 
[info] i  Detected a .git folder at C:\Users\Prashandip\Desktop\_root\_react_projects\tutorials\firebase-react-pedrotech 
[info] i  Authorizing with GitHub to upload your service account to a GitHub repository's secrets store. 
[info] 
[info] Visit this URL on this device to log in:
[info] https://github.com/login/oauth/authorize?client_id=89cf50f02ac6aaed3484&state=457775263&redirect_uri=http%3A%2F%2Flocalhost%3A9005&scope=read%3Auser%20repo%20public_repo
[info] 
[info] Waiting for authentication...
[debug] [2024-07-12T21:53:11.268Z] >>> [apiv2][query] POST https://github.com/login/oauth/access_token [none]
[debug] [2024-07-12T21:53:11.269Z] >>> [apiv2][body] POST https://github.com/login/oauth/access_token [stream]
[debug] [2024-07-12T21:53:11.904Z] <<< [apiv2][status] POST https://github.com/login/oauth/access_token 200
[debug] [2024-07-12T21:53:11.905Z] <<< [apiv2][body] POST https://github.com/login/oauth/access_token {"access_token":"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","token_type":"bearer","scope":"read:user,repo"}
[debug] [2024-07-12T21:53:11.930Z] >>> [apiv2][query] GET https://api.github.com/user [none]
[debug] [2024-07-12T21:53:12.561Z] <<< [apiv2][status] GET https://api.github.com/user 200
[debug] [2024-07-12T21:53:12.562Z] <<< [apiv2][body] GET https://api.github.com/user {"login":"prashandip","id":43988818,"node_id":"MDQ6VXNlcjQzOTg4ODE4","avatar_url":"https://avatars.githubusercontent.com/u/43988818?v=4","gravatar_id":"","url":"https://api.github.com/users/prashandip","html_url":"https://github.com/prashandip","followers_url":"https://api.github.com/users/prashandip/followers","following_url":"https://api.github.com/users/prashandip/following{/other_user}","gists_url":"https://api.github.com/users/prashandip/gists{/gist_id}","starred_url":"https://api.github.com/users/prashandip/starred{/owner}{/repo}","subscriptions_url":"https://api.github.com/users/prashandip/subscriptions","organizations_url":"https://api.github.com/users/prashandip/orgs","repos_url":"https://api.github.com/users/prashandip/repos","events_url":"https://api.github.com/users/prashandip/events{/privacy}","received_events_url":"https://api.github.com/users/prashandip/received_events","type":"User","site_admin":false,"name":"Prashandip","company":null,"blog":"","location":null,"email":null,"hireable":null,"bio":null,"twitter_username":null,"public_repos":14,"public_gists":0,"followers":2,"following":1,"created_at":"2018-10-09T10:13:06Z","updated_at":"2024-07-05T15:23:39Z","private_gists":0,"total_private_repos":6,"owned_private_repos":6,"disk_usage":83389,"collaborators":0,"two_factor_authentication":true,"plan":{"name":"free","space":976562499,"collaborators":0,"private_repos":10000}}
[info] 
[info] +  Success! Logged into GitHub as prashandip 
[info] 
[debug] [2024-07-12T21:59:49.156Z] >>> [apiv2][query] GET https://api.github.com/repos/prashandip/firebase-react-pedrotech/actions/secrets/public-key type=owner
[debug] [2024-07-12T21:59:49.682Z] <<< [apiv2][status] GET https://api.github.com/repos/prashandip/firebase-react-pedrotech/actions/secrets/public-key 401
[debug] [2024-07-12T21:59:49.682Z] <<< [apiv2][body] GET https://api.github.com/repos/prashandip/firebase-react-pedrotech/actions/secrets/public-key {"message":"Bad credentials","documentation_url":"https://docs.github.com/rest","status":"401"}
[debug] [2024-07-12T22:00:04.313Z] >>> [apiv2][query] GET https://api.github.com/repos/prashandip/firebase-react-pedrotech/actions/secrets/public-key type=owner
[debug] [2024-07-12T22:00:04.860Z] <<< [apiv2][status] GET https://api.github.com/repos/prashandip/firebase-react-pedrotech/actions/secrets/public-key 401
[debug] [2024-07-12T22:00:04.860Z] <<< [apiv2][body] GET https://api.github.com/repos/prashandip/firebase-react-pedrotech/actions/secrets/public-key {"message":"Bad credentials","documentation_url":"https://docs.github.com/rest","status":"401"}
[debug] [2024-07-12T22:02:40.337Z] >>> [apiv2][query] GET https://api.github.com/repos/prashandip/firebase-react-pedrotech/actions/secrets/public-key type=owner
[debug] [2024-07-12T22:02:40.898Z] <<< [apiv2][status] GET https://api.github.com/repos/prashandip/firebase-react-pedrotech/actions/secrets/public-key 401
[debug] [2024-07-12T22:02:40.899Z] <<< [apiv2][body] GET https://api.github.com/repos/prashandip/firebase-react-pedrotech/actions/secrets/public-key {"message":"Bad credentials","documentation_url":"https://docs.github.com/rest","status":"401"}
[debug] [2024-07-12T22:02:45.786Z] >>> [apiv2][query] GET https://api.github.com/repos/prashandip/firebase-react-pedrotech      /actions/secrets/public-key type=owner
[debug] [2024-07-12T22:02:46.137Z] <<< [apiv2][status] GET https://api.github.com/repos/prashandip/firebase-react-pedrotech      /actions/secrets/public-key 401
[debug] [2024-07-12T22:02:46.138Z] <<< [apiv2][body] GET https://api.github.com/repos/prashandip/firebase-react-pedrotech      /actions/secrets/public-key {"message":"Bad credentials","documentation_url":"https://docs.github.com/rest","status":"401"}
[debug] [2024-07-12T22:02:48.865Z] >>> [apiv2][query] GET https://api.github.com/repos/prashandip/firebase-react-pedrotech    /actions/secrets/public-key type=owner
[debug] [2024-07-12T22:02:49.050Z] >>> [apiv2][query] GET https://api.github.com/repos//actions/secrets/public-key type=owner
[debug] [2024-07-12T22:02:49.201Z] >>> [apiv2][query] GET https://api.github.com/repos//actions/secrets/public-key type=owner
[debug] [2024-07-12T22:02:49.211Z] <<< [apiv2][status] GET https://api.github.com/repos/prashandip/firebase-react-pedrotech    /actions/secrets/public-key 401
[debug] [2024-07-12T22:02:49.211Z] <<< [apiv2][body] GET https://api.github.com/repos/prashandip/firebase-react-pedrotech    /actions/secrets/public-key {"message":"Bad credentials","documentation_url":"https://docs.github.com/rest","status":"401"}
[debug] [2024-07-12T22:02:49.584Z] <<< [apiv2][status] GET https://api.github.com/repos//actions/secrets/public-key 401
[debug] [2024-07-12T22:02:49.585Z] <<< [apiv2][body] GET https://api.github.com/repos//actions/secrets/public-key {"message":"Bad credentials","documentation_url":"https://docs.github.com/rest","status":"401"}
[debug] [2024-07-12T22:02:49.734Z] <<< [apiv2][status] GET https://api.github.com/repos//actions/secrets/public-key 401
[debug] [2024-07-12T22:02:49.734Z] <<< [apiv2][body] GET https://api.github.com/repos//actions/secrets/public-key {"message":"Bad credentials","documentation_url":"https://docs.github.com/rest","status":"401"}
